# JRE version: Java(TM) SE Runtime Environment (17.0.1+12) (build 17.0.1+12-LTS-39)
# Java VM: Java HotSpot(TM) 64-Bit Server VM (17.0.1+12-LTS-39, mixed mode, sharing, tiered, compressed oops, compressed class ptrs, g1 gc, windows-amd64)
GC Precious Log:
 CPUs: 8 total, 8 available
 Memory: 22465M
 Large Page Support: Disabled
 NUMA Support: Disabled
 Compressed Oops: Enabled (Zero based)
 Heap Region Size: 4M
 Heap Min Capacity: 8M
 Heap Initial Capacity: 352M
 Heap Max Capacity: 5620M
 Pre-touch: Disabled
 Parallel Workers: 8
 Concurrent Workers: 2
 Concurrent Refinement Workers: 8
 Periodic GC: Disabled
Heap:
 garbage-first heap   total 1294336K, used 10477K [0x00000006a0c00000, 0x0000000800000000)
  region size 4096K, 3 young (12288K), 3 survivors (12288K)
 Metaspace       used 15385K, committed 15616K, reserved 1064960K
  class space    used 2258K, committed 2368K, reserved 1048576K
GC Heap History (20 events):
Event: 6.430 GC heap after
{Heap after GC invocations=5 (full 0):
 garbage-first heap   total 360448K, used 10799K [0x00000006a0c00000, 0x0000000800000000)
  region size 4096K, 3 young (12288K), 3 survivors (12288K)
 Metaspace       used 15376K, committed 15616K, reserved 1064960K
  class space    used 2256K, committed 2368K, reserved 1048576K
}
Event: 6.462 GC heap before
{Heap before GC invocations=5 (full 0):
 garbage-first heap   total 360448K, used 211503K [0x00000006a0c00000, 0x0000000800000000)
  region size 4096K, 52 young (212992K), 3 survivors (12288K)
 Metaspace       used 15376K, committed 15616K, reserved 1064960K
  class space    used 2256K, committed 2368K, reserved 1048576K
}
Event: 6.466 GC heap after
{Heap after GC invocations=6 (full 0):
 garbage-first heap   total 360448K, used 10539K [0x00000006a0c00000, 0x0000000800000000)
  region size 4096K, 3 young (12288K), 3 survivors (12288K)
 Metaspace       used 15376K, committed 15616K, reserved 1064960K
  class space    used 2256K, committed 2368K, reserved 1048576K
}
Event: 6.494 GC heap before
{Heap before GC invocations=6 (full 0):
 garbage-first heap   total 360448K, used 211243K [0x00000006a0c00000, 0x0000000800000000)
  region size 4096K, 52 young (212992K), 3 survivors (12288K)
 Metaspace       used 15376K, committed 15616K, reserved 1064960K
  class space    used 2256K, committed 2368K, reserved 1048576K
}
Event: 6.499 GC heap after
{Heap after GC invocations=7 (full 0):
 garbage-first heap   total 647168K, used 10049K [0x00000006a0c00000, 0x0000000800000000)
  region size 4096K, 2 young (8192K), 2 survivors (8192K)
 Metaspace       used 15376K, committed 15616K, reserved 1064960K
  class space    used 2256K, committed 2368K, reserved 1048576K
}
Event: 6.528 GC heap before
{Heap before GC invocations=7 (full 0):
 garbage-first heap   total 647168K, used 386881K [0x00000006a0c00000, 0x0000000800000000)
  region size 4096K, 94 young (385024K), 2 survivors (8192K)
 Metaspace       used 15376K, committed 15616K, reserved 1064960K
  class space    used 2256K, committed 2368K, reserved 1048576K
}
Event: 6.532 GC heap after
{Heap after GC invocations=8 (full 0):
 garbage-first heap   total 647168K, used 11377K [0x00000006a0c00000, 0x0000000800000000)
  region size 4096K, 3 young (12288K), 3 survivors (12288K)
 Metaspace       used 15376K, committed 15616K, reserved 1064960K
  class space    used 2256K, committed 2368K, reserved 1048576K
}
Event: 6.560 GC heap before
{Heap before GC invocations=8 (full 0):
 garbage-first heap   total 647168K, used 384113K [0x00000006a0c00000, 0x0000000800000000)
  region size 4096K, 94 young (385024K), 3 survivors (12288K)
 Metaspace       used 15376K, committed 15616K, reserved 1064960K
  class space    used 2256K, committed 2368K, reserved 1048576K
}
Event: 6.564 GC heap after
{Heap after GC invocations=9 (full 0):
 garbage-first heap   total 647168K, used 10224K [0x00000006a0c00000, 0x0000000800000000)
  region size 4096K, 3 young (12288K), 3 survivors (12288K)
 Metaspace       used 15376K, committed 15616K, reserved 1064960K
  class space    used 2256K, committed 2368K, reserved 1048576K
}
Event: 6.591 GC heap before
{Heap before GC invocations=9 (full 0):
 garbage-first heap   total 647168K, used 382960K [0x00000006a0c00000, 0x0000000800000000)
  region size 4096K, 94 young (385024K), 3 survivors (12288K)
 Metaspace       used 15376K, committed 15616K, reserved 1064960K
  class space    used 2256K, committed 2368K, reserved 1048576K
}
Event: 6.594 GC heap after
{Heap after GC invocations=10 (full 0):
 garbage-first heap   total 647168K, used 10105K [0x00000006a0c00000, 0x0000000800000000)
  region size 4096K, 2 young (8192K), 2 survivors (8192K)
 Metaspace       used 15376K, committed 15616K, reserved 1064960K
  class space    used 2256K, committed 2368K, reserved 1048576K
}
Event: 6.617 GC heap before
{Heap before GC invocations=10 (full 0):
 garbage-first heap   total 647168K, used 386937K [0x00000006a0c00000, 0x0000000800000000)
  region size 4096K, 94 young (385024K), 2 survivors (8192K)
 Metaspace       used 15385K, committed 15616K, reserved 1064960K
  class space    used 2258K, committed 2368K, reserved 1048576K
}
Event: 6.624 GC heap after
{Heap after GC invocations=11 (full 0):
 garbage-first heap   total 1294336K, used 10578K [0x00000006a0c00000, 0x0000000800000000)
  region size 4096K, 3 young (12288K), 3 survivors (12288K)
 Metaspace       used 15385K, committed 15616K, reserved 1064960K
  class space    used 2258K, committed 2368K, reserved 1048576K
}
Event: 6.667 GC heap before
{Heap before GC invocations=11 (full 0):
 garbage-first heap   total 1294336K, used 772434K [0x00000006a0c00000, 0x0000000800000000)
  region size 4096K, 189 young (774144K), 3 survivors (12288K)
 Metaspace       used 15385K, committed 15616K, reserved 1064960K
  class space    used 2258K, committed 2368K, reserved 1048576K
}
Event: 6.672 GC heap after
{Heap after GC invocations=12 (full 0):
 garbage-first heap   total 1294336K, used 9979K [0x00000006a0c00000, 0x0000000800000000)
  region size 4096K, 2 young (8192K), 2 survivors (8192K)
 Metaspace       used 15385K, committed 15616K, reserved 1064960K
  class space    used 2258K, committed 2368K, reserved 1048576K
}
Event: 6.713 GC heap before
{Heap before GC invocations=12 (full 0):
 garbage-first heap   total 1294336K, used 775931K [0x00000006a0c00000, 0x0000000800000000)
  region size 4096K, 189 young (774144K), 2 survivors (8192K)
 Metaspace       used 15385K, committed 15616K, reserved 1064960K
  class space    used 2258K, committed 2368K, reserved 1048576K
}
Event: 6.717 GC heap after
{Heap after GC invocations=13 (full 0):
 garbage-first heap   total 1294336K, used 10241K [0x00000006a0c00000, 0x0000000800000000)
  region size 4096K, 3 young (12288K), 3 survivors (12288K)
 Metaspace       used 15385K, committed 15616K, reserved 1064960K
  class space    used 2258K, committed 2368K, reserved 1048576K
}
Event: 6.759 GC heap before
{Heap before GC invocations=13 (full 0):
 garbage-first heap   total 1294336K, used 772097K [0x00000006a0c00000, 0x0000000800000000)
  region size 4096K, 189 young (774144K), 3 survivors (12288K)
 Metaspace       used 15385K, committed 15616K, reserved 1064960K
  class space    used 2258K, committed 2368K, reserved 1048576K
}
Event: 6.763 GC heap after
{Heap after GC invocations=14 (full 0):
 garbage-first heap   total 1294336K, used 10245K [0x00000006a0c00000, 0x0000000800000000)
  region size 4096K, 3 young (12288K), 3 survivors (12288K)
 Metaspace       used 15385K, committed 15616K, reserved 1064960K
  class space    used 2258K, committed 2368K, reserved 1048576K
}
Event: 6.811 GC heap before
{Heap before GC invocations=14 (full 0):
 garbage-first heap   total 1294336K, used 772101K [0x00000006a0c00000, 0x0000000800000000)
  region size 4096K, 189 young (774144K), 3 survivors (12288K)
 Metaspace       used 15385K, committed 15616K, reserved 1064960K
  class space    used 2258K, committed 2368K, reserved 1048576K
}

