# JRE version: Java(TM) SE Runtime Environment (17.0.1+12) (build 17.0.1+12-LTS-39)
# Java VM: Java HotSpot(TM) 64-Bit Server VM (17.0.1+12-LTS-39, mixed mode, sharing, tiered, compressed oops, compressed class ptrs, g1 gc, windows-amd64)
GC Precious Log:
 CPUs: 8 total, 8 available
 Memory: 22465M
 Large Page Support: Disabled
 NUMA Support: Disabled
 Compressed Oops: Enabled (Zero based)
 Heap Region Size: 4M
 Heap Min Capacity: 8M
 Heap Initial Capacity: 352M
 Heap Max Capacity: 5620M
 Pre-touch: Disabled
 Parallel Workers: 8
 Concurrent Workers: 2
 Concurrent Refinement Workers: 8
 Periodic GC: Disabled
Heap:
 garbage-first heap   total 716800K, used 10707K [0x00000006a0c00000, 0x0000000800000000)
  region size 4096K, 3 young (12288K), 3 survivors (12288K)
 Metaspace       used 15399K, committed 15616K, reserved 1064960K
  class space    used 2259K, committed 2368K, reserved 1048576K
GC Heap History (20 events):
Event: 0.950 GC heap after
{Heap after GC invocations=1 (full 0):
 garbage-first heap   total 360448K, used 2523K [0x00000006a0c00000, 0x0000000800000000)
  region size 4096K, 1 young (4096K), 1 survivors (4096K)
 Metaspace       used 4062K, committed 4288K, reserved 1056768K
  class space    used 439K, committed 576K, reserved 1048576K
}
Event: 6.082 GC heap before
{Heap before GC invocations=1 (full 0):
 garbage-first heap   total 360448K, used 43483K [0x00000006a0c00000, 0x0000000800000000)
  region size 4096K, 12 young (49152K), 1 survivors (4096K)
 Metaspace       used 14794K, committed 15040K, reserved 1064960K
  class space    used 2157K, committed 2240K, reserved 1048576K
}
Event: 6.089 GC heap after
{Heap after GC invocations=2 (full 0):
 garbage-first heap   total 360448K, used 10018K [0x00000006a0c00000, 0x0000000800000000)
  region size 4096K, 2 young (8192K), 2 survivors (8192K)
 Metaspace       used 14794K, committed 15040K, reserved 1064960K
  class space    used 2157K, committed 2240K, reserved 1048576K
}
Event: 6.232 GC heap before
{Heap before GC invocations=2 (full 0):
 garbage-first heap   total 360448K, used 214818K [0x00000006a0c00000, 0x0000000800000000)
  region size 4096K, 52 young (212992K), 2 survivors (8192K)
 Metaspace       used 15358K, committed 15616K, reserved 1064960K
  class space    used 2257K, committed 2368K, reserved 1048576K
}
Event: 6.236 GC heap after
{Heap after GC invocations=3 (full 0):
 garbage-first heap   total 360448K, used 10662K [0x00000006a0c00000, 0x0000000800000000)
  region size 4096K, 3 young (12288K), 3 survivors (12288K)
 Metaspace       used 15358K, committed 15616K, reserved 1064960K
  class space    used 2257K, committed 2368K, reserved 1048576K
}
Event: 6.280 GC heap before
{Heap before GC invocations=3 (full 0):
 garbage-first heap   total 360448K, used 211366K [0x00000006a0c00000, 0x0000000800000000)
  region size 4096K, 52 young (212992K), 3 survivors (12288K)
 Metaspace       used 15385K, committed 15616K, reserved 1064960K
  class space    used 2257K, committed 2368K, reserved 1048576K
}
Event: 6.284 GC heap after
{Heap after GC invocations=4 (full 0):
 garbage-first heap   total 360448K, used 11547K [0x00000006a0c00000, 0x0000000800000000)
  region size 4096K, 3 young (12288K), 3 survivors (12288K)
 Metaspace       used 15385K, committed 15616K, reserved 1064960K
  class space    used 2257K, committed 2368K, reserved 1048576K
}
Event: 6.317 GC heap before
{Heap before GC invocations=4 (full 0):
 garbage-first heap   total 360448K, used 212251K [0x00000006a0c00000, 0x0000000800000000)
  region size 4096K, 52 young (212992K), 3 survivors (12288K)
 Metaspace       used 15391K, committed 15616K, reserved 1064960K
  class space    used 2257K, committed 2368K, reserved 1048576K
}
Event: 6.322 GC heap after
{Heap after GC invocations=5 (full 0):
 garbage-first heap   total 360448K, used 10536K [0x00000006a0c00000, 0x0000000800000000)
  region size 4096K, 3 young (12288K), 3 survivors (12288K)
 Metaspace       used 15391K, committed 15616K, reserved 1064960K
  class space    used 2257K, committed 2368K, reserved 1048576K
}
Event: 6.347 GC heap before
{Heap before GC invocations=5 (full 0):
 garbage-first heap   total 360448K, used 211240K [0x00000006a0c00000, 0x0000000800000000)
  region size 4096K, 52 young (212992K), 3 survivors (12288K)
 Metaspace       used 15391K, committed 15616K, reserved 1064960K
  class space    used 2257K, committed 2368K, reserved 1048576K
}
Event: 6.350 GC heap after
{Heap after GC invocations=6 (full 0):
 garbage-first heap   total 360448K, used 10602K [0x00000006a0c00000, 0x0000000800000000)
  region size 4096K, 3 young (12288K), 3 survivors (12288K)
 Metaspace       used 15391K, committed 15616K, reserved 1064960K
  class space    used 2257K, committed 2368K, reserved 1048576K
}
Event: 6.374 GC heap before
{Heap before GC invocations=6 (full 0):
 garbage-first heap   total 360448K, used 211306K [0x00000006a0c00000, 0x0000000800000000)
  region size 4096K, 52 young (212992K), 3 survivors (12288K)
 Metaspace       used 15391K, committed 15616K, reserved 1064960K
  class space    used 2257K, committed 2368K, reserved 1048576K
}
Event: 6.379 GC heap after
{Heap after GC invocations=7 (full 0):
 garbage-first heap   total 716800K, used 10749K [0x00000006a0c00000, 0x0000000800000000)
  region size 4096K, 3 young (12288K), 3 survivors (12288K)
 Metaspace       used 15391K, committed 15616K, reserved 1064960K
  class space    used 2257K, committed 2368K, reserved 1048576K
}
Event: 6.404 GC heap before
{Heap before GC invocations=7 (full 0):
 garbage-first heap   total 716800K, used 428541K [0x00000006a0c00000, 0x0000000800000000)
  region size 4096K, 105 young (430080K), 3 survivors (12288K)
 Metaspace       used 15391K, committed 15616K, reserved 1064960K
  class space    used 2257K, committed 2368K, reserved 1048576K
}
Event: 6.409 GC heap after
{Heap after GC invocations=8 (full 0):
 garbage-first heap   total 716800K, used 11405K [0x00000006a0c00000, 0x0000000800000000)
  region size 4096K, 3 young (12288K), 3 survivors (12288K)
 Metaspace       used 15391K, committed 15616K, reserved 1064960K
  class space    used 2257K, committed 2368K, reserved 1048576K
}
Event: 6.433 GC heap before
{Heap before GC invocations=8 (full 0):
 garbage-first heap   total 716800K, used 429197K [0x00000006a0c00000, 0x0000000800000000)
  region size 4096K, 105 young (430080K), 3 survivors (12288K)
 Metaspace       used 15391K, committed 15616K, reserved 1064960K
  class space    used 2257K, committed 2368K, reserved 1048576K
}
Event: 6.438 GC heap after
{Heap after GC invocations=9 (full 0):
 garbage-first heap   total 716800K, used 11457K [0x00000006a0c00000, 0x0000000800000000)
  region size 4096K, 3 young (12288K), 3 survivors (12288K)
 Metaspace       used 15391K, committed 15616K, reserved 1064960K
  class space    used 2257K, committed 2368K, reserved 1048576K
}
Event: 6.463 GC heap before
{Heap before GC invocations=9 (full 0):
 garbage-first heap   total 716800K, used 429249K [0x00000006a0c00000, 0x0000000800000000)
  region size 4096K, 105 young (430080K), 3 survivors (12288K)
 Metaspace       used 15391K, committed 15616K, reserved 1064960K
  class space    used 2257K, committed 2368K, reserved 1048576K
}
Event: 6.466 GC heap after
{Heap after GC invocations=10 (full 0):
 garbage-first heap   total 716800K, used 10649K [0x00000006a0c00000, 0x0000000800000000)
  region size 4096K, 3 young (12288K), 3 survivors (12288K)
 Metaspace       used 15391K, committed 15616K, reserved 1064960K
  class space    used 2257K, committed 2368K, reserved 1048576K
}
Event: 6.490 GC heap before
{Heap before GC invocations=10 (full 0):
 garbage-first heap   total 716800K, used 428441K [0x00000006a0c00000, 0x0000000800000000)
  region size 4096K, 105 young (430080K), 3 survivors (12288K)
 Metaspace       used 15399K, committed 15616K, reserved 1064960K
  class space    used 2259K, committed 2368K, reserved 1048576K
}

